info it worked if it ends with ok
verbose cli [ '/usr/local/bin/node', '/usr/local/bin/npm', 'publish' ]
info using npm@1.1.24
info using node@v0.8.2
verbose config file /home/liam/.npmrc
verbose config file /usr/local/etc/npmrc
verbose config file /usr/local/lib/node_modules/npm/npmrc
verbose publish [ '.' ]
verbose caching /home/liam/Dropbox/me/dev/fparse/package.json
verbose loadDefaults fparse@0.1.0
verbose cache add [ '.', null ]
silly cache add: name, spec, args [ undefined, '.', [ '.', null ] ]
verbose parsed url { pathname: '.', path: '.', href: '.' }
verbose caching package.json
verbose loadDefaults fparse@0.1.0
verbose tar.pack [ '/tmp/npm-1342058350571/1342058350571-0.3190379040315747/tmp.tgz',
verbose tar.pack   '.' ]
verbose tarball /tmp/npm-1342058350571/1342058350571-0.3190379040315747/tmp.tgz
verbose folder .
info prepublish fparse@0.1.0
verbose unpack /tmp/npm-1342058350571/1342058350571-0.3190379040315747/tmp.tgz
silly gunzTarPerm modes [ '755', '644' ]
silly extracting entry package.json
silly extracting entry .npmignore
silly extracting entry rs.js
silly modified mode [ 'rs.js', 436, 420 ]
silly extracting entry bin.js
silly extracting entry fparse.js
silly modified mode [ 'fparse.js', 436, 420 ]
silly extracting entry bufw.js
verbose caching /tmp/npm-1342058350571/1342058350571-0.3190379040315747/package/package.json
verbose loadDefaults fparse@0.1.0
verbose from cache /tmp/npm-1342058350571/1342058350571-0.3190379040315747/package/package.json
verbose tar.pack [ '/home/liam/.npm/fparse/0.1.0/package.tgz',
verbose tar.pack   '/tmp/npm-1342058350571/1342058350571-0.3190379040315747/package' ]
verbose tarball /home/liam/.npm/fparse/0.1.0/package.tgz
verbose folder /tmp/npm-1342058350571/1342058350571-0.3190379040315747/package
verbose unpack /home/liam/.npm/fparse/0.1.0/package.tgz
silly gunzTarPerm modes [ '755', '644' ]
silly extracting entry package.json
silly extracting entry .npmignore
silly extracting entry rs.js
silly extracting entry bin.js
silly extracting entry fparse.js
silly extracting entry bufw.js
verbose caching /home/liam/.npm/fparse/0.1.0/package/package.json
verbose loadDefaults fparse@0.1.0
silly updated sha bytes 4764
info shasum a6d1c7d196cb0bfd16fb14a907da85c805df8c7c
info shasum /home/liam/.npm/fparse/0.1.0/package.tgz
verbose from cache /home/liam/.npm/fparse/0.1.0/package/package.json
verbose chmod /home/liam/.npm/fparse/0.1.0/package.tgz 644
verbose chown [ '/home/liam/.npm/fparse/0.1.0/package.tgz', 1000, 1000 ]
silly publish { name: 'fparse',
silly publish   version: '0.1.0',
silly publish   description: 'Simple flat binary format built on a subset of the keratin schema format.',
silly publish   main: './fparse',
silly publish   author: { name: 'Liam Doherty' },
silly publish   dependencies: 
silly publish    { keratin: 'git://github.com/lfdoherty/keratin.git',
silly publish      underscorem: 'git://github.com/lfdoherty/underscorem.git' },
silly publish   engines: { node: '>=0.6' },
silly publish   _npmUser: { name: 'lfdoherty', email: 'lfdoherty@gmail.com' },
silly publish   _id: 'fparse@0.1.0',
silly publish   devDependencies: {},
silly publish   optionalDependencies: {},
silly publish   _engineSupported: true,
silly publish   _npmVersion: '1.1.24',
silly publish   _nodeVersion: 'v0.8.2',
silly publish   _defaultsLoaded: true,
silly publish   dist: 
silly publish    { shasum: 'a6d1c7d196cb0bfd16fb14a907da85c805df8c7c',
silly publish      tarball: 'http://registry.npmjs.org/fparse/-/fparse-0.1.0.tgz' } }
verbose raw, before any munging fparse
verbose url resolving [ 'https://registry.npmjs.org/', './fparse' ]
verbose url resolved https://registry.npmjs.org/fparse
http PUT https://registry.npmjs.org/fparse
http 409 https://registry.npmjs.org/fparse
verbose raw, before any munging fparse
verbose url resolving [ 'https://registry.npmjs.org/', './fparse' ]
verbose url resolved https://registry.npmjs.org/fparse
http GET https://registry.npmjs.org/fparse
http 200 https://registry.npmjs.org/fparse
info Already published fparse@0.1.0
verbose uploading bin dists []
ERR! publish fail Cannot publish over existing version.
ERR! publish fail Bump the 'version' field, set the --force flag, or
ERR! publish fail     npm unpublish 'fparse@0.1.0'
ERR! publish fail and try again
ERR! 
ERR! System Linux 3.2.0-27-generic
ERR! command "/usr/local/bin/node" "/usr/local/bin/npm" "publish"
ERR! cwd /home/liam/Dropbox/me/dev/fparse
ERR! node -v v0.8.2
ERR! npm -v 1.1.24
ERR! code EPUBLISHCONFLICT
ERR! message publish fail
ERR! errno {}
verbose exit [ 1, true ]
